<?xml version="1.0" encoding="UTF-8"?>
<!-- Generated by org.testng.reporters.JUnitXMLReporter -->
<testsuite hostname="swathi-PC" ignored="0" name="iebrowser" tests="1" failures="1" timestamp="26 Jan 2020 13:06:45 GMT" time="0.011" errors="0">
  <testcase name="@AfterTest logout" time="0.0" classname="jan23.HRMOrange">
    <failure type="java.lang.NullPointerException">
      <![CDATA[java.lang.NullPointerException
at jan23.HRMOrange.logout(HRMOrange.java:66)
... Removed 24 stack frames]]>
    </failure>
  </testcase> <!-- @AfterTest logout -->
  <testcase name="verifyLogin" time="0.002" classname="jan23.HRMOrange">
    <failure type="java.lang.NullPointerException">
      <![CDATA[java.lang.NullPointerException
at jan23.HRMOrange.verifyLogin(HRMOrange.java:50)
... Removed 25 stack frames]]>
    </failure>
  </testcase> <!-- verifyLogin -->
</testsuite> <!-- iebrowser -->
