<?xml version="1.0" encoding="UTF-8"?>
<testng-results skipped="0" failed="0" ignored="0" total="1" passed="1">
  <reporter-output>
  </reporter-output>
  <suite name="Default suite" duration-ms="13132" started-at="2020-01-28T15:14:14Z" finished-at="2020-01-28T15:14:27Z">
    <groups>
    </groups>
    <test name="Default test" duration-ms="13132" started-at="2020-01-28T15:14:14Z" finished-at="2020-01-28T15:14:27Z">
      <class name="Qedge.Example">
        <test-method status="PASS" signature="verifyLogin()[pri:0, instance:Qedge.Example@3869f4]" name="verifyLogin" duration-ms="13091" started-at="2020-01-28T15:14:14Z" finished-at="2020-01-28T15:14:27Z">
          <reporter-output>
          </reporter-output>
        </test-method> <!-- verifyLogin -->
      </class> <!-- Qedge.Example -->
    </test> <!-- Default test -->
  </suite> <!-- Default suite -->
</testng-results>
