<?xml version="1.0" encoding="UTF-8"?>
<!-- Generated by org.testng.reporters.JUnitXMLReporter -->
<testsuite hostname="swathi-PC" ignored="0" name="iebrowser" tests="1" failures="1" timestamp="23 Jan 2020 18:43:53 GMT" time="0.01" errors="0">
  <testcase name="@AfterTest logout" time="0.003" classname="jan23.WebdriverCross">
    <failure type="java.lang.NullPointerException">
      <![CDATA[java.lang.NullPointerException
at jan23.WebdriverCross.logout(WebdriverCross.java:61)
... Removed 24 stack frames]]>
    </failure>
  </testcase> <!-- @AfterTest logout -->
  <testcase name="verifyLogin" time="0.002" classname="jan23.WebdriverCross">
    <failure type="java.lang.NullPointerException">
      <![CDATA[java.lang.NullPointerException
at jan23.WebdriverCross.verifyLogin(WebdriverCross.java:45)
... Removed 25 stack frames]]>
    </failure>
  </testcase> <!-- verifyLogin -->
</testsuite> <!-- iebrowser -->
